<?xml version="1.0" encoding="UTF-8"?>
<testsuite name="MatrixMathematicTest" tests="4" skipped="0" failures="0" errors="0" timestamp="2018-12-02T13:57:32" hostname="DESKTOP-D1LG0O7" time="0.011">
  <properties/>
  <testcase name="cofactorThrowTest" classname="MatrixMathematicTest" time="0.007"/>
  <testcase name="determinantTest" classname="MatrixMathematicTest" time="0.001"/>
  <testcase name="cofactorTest" classname="MatrixMathematicTest" time="0.003"/>
  <testcase name="determinantThrowTest" classname="MatrixMathematicTest" time="0.0"/>
  <system-out><![CDATA[]]></system-out>
  <system-err><![CDATA[]]></system-err>
</testsuite>
